<?xml version="1.0" encoding="UTF-8" standalone="no"?><testsuites><testsuite errors="0" failures="0" hostname="emulator-5554_test_unknown_sdk" name="net.kibotu.android.deviceinfo" tests="2" time="1,8990" timestamp="Thu Jul 03 13:51:18 CEST 2014"><properties><property name="idea.version" value="13.1.3"/><property name="java.runtime.name" value="Java(TM) SE Runtime Environment"/><property name="sun.boot.library.path" value="D:\glassfish3\jdk7\jre\bin"/><property name="java.vm.version" value="23.6-b04"/><property name="user.country.format" value="AT"/><property name="java.vm.vendor" value="Oracle Corporation"/><property name="java.vendor.url" value="http://java.oracle.com/"/><property name="guice.disable.misplaced.annotation.check" value="true"/><property name="path.separator" value=";"/><property name="idea.launcher.port" value="7540"/><property name="java.vm.name" value="Java HotSpot(TM) 64-Bit Server VM"/><property name="file.encoding.pkg" value="sun.io"/><property name="user.country" value="US"/><property name="user.script" value=""/><property name="sun.java.launcher" value="SUN_STANDARD"/><property name="sun.os.patch.level" value=""/><property name="java.vm.specification.name" value="Java Virtual Machine Specification"/><property name="user.dir" value="D:\programming\android-device"/><property name="java.runtime.version" value="1.7.0_11-b21"/><property name="java.awt.graphicsenv" value="sun.awt.Win32GraphicsEnvironment"/><property name="java.endorsed.dirs" value="D:\glassfish3\jdk7\jre\lib\endorsed"/><property name="os.arch" value="amd64"/><property name="java.io.tmpdir" value="C:\Users\WOLKEN~1\AppData\Local\Temp\"/><property name="line.separator" value="&#13;&#10;"/><property name="java.vm.specification.vendor" value="Oracle Corporation"/><property name="user.variant" value=""/><property name="os.name" value="Windows 8"/><property name="classworlds.conf" value="C:\maven\apache-maven-3.2.2\bin\m2.conf"/><property name="sun.jnu.encoding" value="Cp1252"/><property name="java.library.path" value="D:\glassfish3\jdk7\bin;C:\Windows\Sun\Java\bin;C:\Windows\system32;C:\Windows;C:\Program Files (x86)\NVIDIA Corporation\PhysX\Common;C:\Program Files\Broadcom\Broadcom 802.11 Network Adapter\Driver;C:\Program Files (x86)\Git\bin;C:\Qt\Qt5.0.1\5.0.1\mingw47_32\bin;D:\Libraries\android\sdk\platform-tools; D:\Libraries\android\sdk; C:\Program Files (x86)\nodejs\; c:\windows\system32\;C:\Program Files\Microsoft Network Monitor 3\; C:\Program Files (x86)\Git\bin; C:\cygwin\bin; C:\Program Files (x86)\MiKTeX 2.9\miktex\bin\;C:\maven\apache-maven-3.2.2\bin;C:\Program Files\Java\jdk1.8.0_05\bin;D:\Libraries\android\sdk\tools;C:\Users\Wolkenschauer\AppData\Roaming\npm;."/><property name="java.specification.name" value="Java Platform API Specification"/><property name="java.class.version" value="51.0"/><property name="sun.management.compiler" value="HotSpot 64-Bit Tiered Compilers"/><property name="os.version" value="6.2"/><property name="user.home" value="C:\Users\Wolkenschauer"/><property name="user.timezone" value="Europe/Berlin"/><property name="java.awt.printerjob" value="sun.awt.windows.WPrinterJob"/><property name="file.encoding" value="UTF-8"/><property name="idea.launcher.bin.path" value="C:\Program Files (x86)\JetBrains\IntelliJ IDEA 13.1.3\bin"/><property name="java.specification.version" value="1.7"/><property name="java.class.path" value="C:\maven\apache-maven-3.2.2\boot\plexus-classworlds-2.5.1.jar;C:\Program Files (x86)\JetBrains\IntelliJ IDEA 13.1.3\lib\idea_rt.jar"/><property name="user.name" value="Wolkenschauer"/><property name="org.slf4j.simpleLogger.defaultLogLevel" value="debug"/><property name="java.vm.specification.version" value="1.7"/><property name="sun.java.command" value="com.intellij.rt.execution.application.AppMain org.codehaus.classworlds.Launcher -Didea.version=13.1.3 install -X"/><property name="java.home" value="D:\glassfish3\jdk7\jre"/><property name="sun.arch.data.model" value="64"/><property name="user.language" value="en"/><property name="java.specification.vendor" value="Oracle Corporation"/><property name="user.language.format" value="de"/><property name="awt.toolkit" value="sun.awt.windows.WToolkit"/><property name="java.vm.info" value="mixed mode"/><property name="java.version" value="1.7.0_11"/><property name="java.ext.dirs" value="D:\glassfish3\jdk7\jre\lib\ext;C:\Windows\Sun\Java\lib\ext"/><property name="sun.boot.class.path" value="D:\glassfish3\jdk7\jre\lib\resources.jar;D:\glassfish3\jdk7\jre\lib\rt.jar;D:\glassfish3\jdk7\jre\lib\sunrsasign.jar;D:\glassfish3\jdk7\jre\lib\jsse.jar;D:\glassfish3\jdk7\jre\lib\jce.jar;D:\glassfish3\jdk7\jre\lib\charsets.jar;D:\glassfish3\jdk7\jre\lib\jfr.jar;D:\glassfish3\jdk7\jre\classes"/><property name="java.vendor" value="Oracle Corporation"/><property name="maven.home" value="C:\maven\apache-maven-3.2.2"/><property name="file.separator" value="\"/><property name="java.vendor.url.bug" value="http://bugreport.sun.com/bugreport/"/><property name="sun.io.unicode.encoding" value="UnicodeLittle"/><property name="sun.cpu.endian" value="little"/><property name="sun.desktop" value="windows"/><property name="sun.cpu.isalist" value="amd64"/><property name="ro.product.manufacturer" value="unknown"/><property name="gsm.sim.operator.alpha" value="Android"/><property name="sys.settings_secure_version" value="12"/><property name="ro.kernel.ndns" value="1"/><property name="ro.debuggable" value="1"/><property name="init.svc.debuggerd" value="running"/><property name="gsm.operator.iso-country" value="us"/><property name="ro.product.model" value="sdk"/><property name="persist.sys.language" value="en"/><property name="ro.HEAVY_WEIGHT_APP_ADJ" value="3"/><property name="ro.HOME_APP_MEM" value="6144"/><property name="ro.factorytest" value="0"/><property name="ro.build.fingerprint" value="generic/sdk/generic:2.3.3/GRI34/101070:eng/test-keys"/><property name="ro.VISIBLE_APP_ADJ" value="1"/><property name="net.dnschange" value="2"/><property name="ro.build.product" value="generic"/><property name="ro.bootloader" value="unknown"/><property name="init.svc.vold" value="running"/><property name="ro.setupwizard.mode" value="OPTIONAL"/><property name="net.hostname" value="android_96033ea82c17bca6"/><property name="qemu.hw.mainkeys" value="1"/><property name="ro.build.version.sdk" value="10"/><property name="net.bt.name" value="Android"/><property name="net.eth0.dns1" value="10.0.2.3"/><property name="ro.PERCEPTIBLE_APP_ADJ" value="2"/><property name="ro.bootmode" value="unknown"/><property name="ro.baseband" value="unknown"/><property name="ro.runtime.firstboot" value="1404387436217"/><property name="ro.build.host" value="android-test-26.mtv.corp.google.com"/><property name="ro.BACKUP_APP_ADJ" value="5"/><property name="ARGH" value="ARGH"/><property name="ro.build.display.id" value="sdk-eng 2.3.3 GRI34 101070 test-keys"/><property name="ro.revision" value="0"/><property name="ro.HOME_APP_ADJ" value="6"/><property name="hw.keyboards.65536.devname" value="qwerty2"/><property name="ro.HIDDEN_APP_MEM" value="7168"/><property name="sys.settings_system_version" value="2"/><property name="init.svc.qemud" value="running"/><property name="ro.kernel.android.qemud" value="ttyS1"/><property name="ro.product.locale.region" value=""/><property name="gsm.operator.isroaming" value="false"/><property name="persist.sys.timezone" value="GMT"/><property name="ro.VISIBLE_APP_MEM" value="3072"/><property name="gsm.operator.numeric" value="310260"/><property name="ro.EMPTY_APP_MEM" value="8192"/><property name="ro.allow.mock.location" value="1"/><property name="persist.service.adb.enable" value="1"/><property name="net.tcp.buffersize.wifi" value="4095,87380,110208,4096,16384,110208"/><property name="ro.HEAVY_WEIGHT_APP_MEM" value="4096"/><property name="ro.kernel.qemu.gles" value="0"/><property name="persist.sys.localevar" value=""/><property name="gsm.nitz.time" value="1404387423217"/><property name="ro.product.brand" value="generic"/><property name="ro.HIDDEN_APP_MIN_ADJ" value="7"/><property name="gsm.sim.operator.numeric" value="310260"/><property name="ro.config.notification_sound" value="OnTheHunt.ogg"/><property name="ro.board.platform" value=""/><property name="ro.build.date.utc" value="1296773036"/><property name="ro.com.google.locationfeatures" value="1"/><property name="ro.product.locale.language" value="ldpi"/><property name="ro.product.device" value="generic"/><property name="dev.bootcomplete" value="1"/><property name="qemu.sf.lcd_density" value="240"/><property name="gsm.sim.state" value="READY"/><property name="gsm.defaultpdpcontext.active" value="true"/><property name="init.svc.keystore" value="running"/><property name="ro.hardware" value="goldfish"/><property name="status.battery.level" value="5"/><property name="status.battery.level_scale" value="9"/><property name="init.svc.netd" value="running"/><property name="ro.kernel.console" value="ttyS0"/><property name="xmpp.auto-presence" value="true"/><property name="ro.FOREGROUND_APP_MEM" value="2048"/><property name="ro.build.id" value="GRI34"/><property name="ro.PERCEPTIBLE_APP_MEM" value="4096"/><property name="ro.radio.use-ppp" value="no"/><property name="net.tcp.buffersize.default" value="4096,87380,110208,4096,16384,110208"/><property name="net.tcp.buffersize.umts" value="4094,87380,110208,4096,16384,110208"/><property name="net.gprs.local-ip" value="10.0.2.15"/><property name="net.gprs.http-proxy" value=""/><property name="rild.libpath" value="/system/lib/libreference-ril.so"/><property name="sys.boot_completed" value="1"/><property name="ro.product.name" value="sdk"/><property name="net.change" value="net.dnschange"/><property name="ro.config.alarm_alert" value="Alarm_Classic.ogg"/><property name="ro.build.tags" value="test-keys"/><property name="init.svc.goldfish-logcat" value="stopped"/><property name="status.battery.level_raw" value="50"/><property name="gsm.version.ril-impl" value="android reference-ril 1.0"/><property name="ro.config.low_ram" value="true"/><property name="ro.product.board" value=""/><property name="ro.build.description" value="sdk-eng 2.3.3 GRI34 101070 test-keys"/><property name="ro.SECONDARY_SERVER_MEM" value="6144"/><property name="init.svc.media" value="running"/><property name="ro.SECONDARY_SERVER_ADJ" value="4"/><property name="ro.build.version.codename" value="REL"/><property name="ro.config.nocheckin" value="yes"/><property name="rild.libargs" value="-d /dev/ttyS0"/><property name="ro.product.cpu.abi" value="armeabi"/><property name="ro.kernel.android.checkjni" value="1"/><property name="qemu.sf.fake_camera" value="back"/><property name="ro.qemu.init.completed" value="1"/><property name="init.svc.bootanim" value="stopped"/><property name="dalvik.vm.heapsize" value="24m"/><property name="dalvik.vm.stack-trace-file" value="/data/anr/traces.txt"/><property name="net.tcp.buffersize.edge" value="4093,26280,35040,4096,16384,35040"/><property name="ro.serialno" value=""/><property name="persist.sys.country" value="US"/><property name="net.tcp.buffersize.gprs" value="4092,8760,11680,4096,8760,11680"/><property name="ro.build.date" value="Thu Feb  3 14:43:56 PST 2011"/><property name="ro.build.version.release" value="2.3.3"/><property name="init.svc.console" value="running"/><property name="init.svc.zygote" value="running"/><property name="init.svc.servicemanager" value="running"/><property name="gsm.current.phone-type" value="1"/><property name="ro.build.user" value="android-build"/><property name="gsm.sim.operator.iso-country" value="us"/><property name="ro.FOREGROUND_APP_ADJ" value="0"/><property name="ro.EMPTY_APP_ADJ" value="15"/><property name="init.svc.installd" value="running"/><property name="ro.kernel.qemu" value="1"/><property name="ro.build.type" value="eng"/><property name="ro.secure" value="0"/><property name="ro.carrier" value="unknown"/><property name="ro.wifi.channels" value=""/><property name="ro.build.version.incremental" value="101070"/><property name="init.svc.adbd" value="running"/><property name="init.svc.goldfish-setup" value="stopped"/><property name="gsm.network.type" value="UMTS"/><property name="gsm.operator.alpha" value="Android"/><property name="ro.BACKUP_APP_MEM" value="6144"/><property name="net.dns1" value="10.0.2.3"/><property name="init.svc.ril-daemon" value="running"/><property name="status.battery.state" value="Slow"/></properties><testcase classname="net.kibotu.android.error.tracking.ABTest" name="testAB" time="1,7010"/><testcase classname="net.kibotu.android.error.tracking.Test2" name="testBuildPayload" time="0,1250"/></testsuite></testsuites>